#
# A fatal error has been detected by the Java Runtime Environment:
#
#  Internal Error (signature.cpp:53), pid=1705, tid=24323
#  fatal error: expecting (
#
# JRE version: Java(TM) SE Runtime Environment 18.9 (11.0.12+8) (build 11.0.12+8-LTS-237)
# Java VM: Java HotSpot(TM) 64-Bit Server VM 18.9 (11.0.12+8-LTS-237, mixed mode, tiered, compressed oops, g1 gc, bsd-amd64)
# No core dump will be written. Core dumps have been disabled. To enable core dumping, try "ulimit -c unlimited" before starting Java again
#
# If you would like to submit a bug report, please visit:
#   https://bugreport.java.com/bugreport/crash.jsp
#

---------------  S U M M A R Y ------------

Command Line: -agentlib:jdwp=transport=dt_socket,suspend=y,address=localhost:56215 -Dcom.sun.management.jmxremote -Dcom.sun.management.jmxremote.port=56213 -Dcom.sun.management.jmxremote.authenticate=false -Dcom.sun.management.jmxremote.ssl=false -Djava.rmi.server.hostname=localhost -Dspring.jmx.enabled=true -Dspring.application.admin.enabled=true -Djava.security.egd=file:/dev/./urandom -XX:TieredStopAtLevel=1 -Dspring.boot.project.name=Ddam -javaagent:/Applications/Eclipse.app/Contents/Eclipse/configuration/org.eclipse.osgi/1037/0/.cp/lib/javaagent-shaded.jar -Dfile.encoding=UTF-8 com.ddam.spring.DdamApplication

Host: MacBookPro13,2 x86_64 2900 MHz, 4 cores, 8G, Darwin 20.5.0
Time: Thu Dec 23 10:59:43 2021 KST elapsed time: 1959.716575 seconds (0d 0h 32m 39s)

---------------  T H R E A D  ---------------

Current thread (0x00007fede8918000):  GCTaskThread "GC Thread#2" [stack: 0x0000700005e2c000,0x0000700005f2c000] [id=24323]

Stack: [0x0000700005e2c000,0x0000700005f2c000],  sp=0x0000700005f29db0,  free space=1015k
Native frames: (J=compiled Java code, A=aot compiled Java code, j=interpreted, Vv=VM code, C=native code)
V  [libjvm.dylib+0x7959fc]  VMError::report_and_die(int, char const*, char const*, __va_list_tag*, Thread*, unsigned char*, void*, void*, char const*, int, unsigned long)+0x54c
V  [libjvm.dylib+0x79618d]  VMError::report_and_die(Thread*, void*, char const*, int, char const*, char const*, __va_list_tag*)+0x3f
V  [libjvm.dylib+0x2615d1]  report_fatal(char const*, int, char const*, ...)+0xb5
V  [libjvm.dylib+0x6cfa8a]  SignatureIterator::expect(char)+0x36
V  [libjvm.dylib+0x6cff5b]  SignatureIterator::iterate_returntype()+0x1f
V  [libjvm.dylib+0x34ec7b]  GenerateOopMap::do_method(int, int, int, int)+0x77
V  [libjvm.dylib+0x34d16f]  GenerateOopMap::interp_bb(BasicBlock*)+0xdb
V  [libjvm.dylib+0x34ce94]  GenerateOopMap::interp_all()+0x3c
V  [libjvm.dylib+0x34cb41]  GenerateOopMap::do_interpretation()+0x4b
V  [libjvm.dylib+0x34f438]  GenerateOopMap::compute_map(Thread*)+0x164
V  [libjvm.dylib+0x63d44b]  OopMapForCacheEntry::compute_map(Thread*)+0x51
V  [libjvm.dylib+0x63dc3a]  OopMapCacheEntry::fill(methodHandle const&, int)+0xac
V  [libjvm.dylib+0x63e1f9]  OopMapCache::lookup(methodHandle const&, int, InterpreterOopMap*)+0x145
V  [libjvm.dylib+0x60304b]  Method::mask_for(int, InterpreterOopMap*)+0x6d
V  [libjvm.dylib+0x2e5087]  frame::oops_interpreted_do(OopClosure*, RegisterMap const*, bool)+0x241
V  [libjvm.dylib+0x745a73]  JavaThread::oops_do(OopClosure*, CodeBlobClosure*)+0x135
V  [libjvm.dylib+0x746ae2]  Threads::possibly_parallel_threads_do(bool, ThreadClosure*)+0x7a
V  [libjvm.dylib+0x74855a]  Threads::possibly_parallel_oops_do(bool, OopClosure*, CodeBlobClosure*)+0x26
V  [libjvm.dylib+0x334e6b]  G1RootProcessor::process_java_roots(G1RootClosures*, G1GCPhaseTimes*, unsigned int)+0xad
V  [libjvm.dylib+0x335106]  G1RootProcessor::process_strong_roots(OopClosure*, CLDClosure*, CodeBlobClosure*)+0x34
V  [libjvm.dylib+0x311d7f]  G1FullGCMarkTask::work(unsigned int)+0x97
V  [libjvm.dylib+0x7bdf93]  GangWorker::loop()+0x43
V  [libjvm.dylib+0x7418de]  Thread::call_run()+0x68
V  [libjvm.dylib+0x6468d2]  thread_native_entry(Thread*)+0x136
C  [libsystem_pthread.dylib+0x68fc]  _pthread_start+0xe0
C  [libsystem_pthread.dylib+0x2443]  thread_start+0xf

JavaThread 0x00007fede821a000 (nid = 75523) was being processed
Java frames: (J=compiled Java code, j=interpreted, Vv=VM code)
j  com.ddam.spring.controller.CrewController.deletemember(Ljava/util/Map;)V+9
v  ~StubRoutines::call_stub
J 2694  jdk.internal.reflect.NativeMethodAccessorImpl.invoke0(Ljava/lang/reflect/Method;Ljava/lang/Object;[Ljava/lang/Object;)Ljava/lang/Object; java.base@11.0.12 (0 bytes) @ 0x0000000117546b47 [0x0000000117546ac0+0x0000000000000087]
J 2693 c1 jdk.internal.reflect.NativeMethodAccessorImpl.invoke(Ljava/lang/Object;[Ljava/lang/Object;)Ljava/lang/Object; java.base@11.0.12 (104 bytes) @ 0x000000011754948c [0x00000001175490a0+0x00000000000003ec]
J 2793 c1 jdk.internal.reflect.DelegatingMethodAccessorImpl.invoke(Ljava/lang/Object;[Ljava/lang/Object;)Ljava/lang/Object; java.base@11.0.12 (10 bytes) @ 0x0000000117573f24 [0x0000000117573ec0+0x0000000000000064]
J 2630 c1 java.lang.reflect.Method.invoke(Ljava/lang/Object;[Ljava/lang/Object;)Ljava/lang/Object; java.base@11.0.12 (65 bytes) @ 0x000000011752f284 [0x000000011752f160+0x0000000000000124]
j  org.springframework.web.method.support.InvocableHandlerMethod.doInvoke([Ljava/lang/Object;)Ljava/lang/Object;+28
j  org.springframework.web.method.support.InvocableHandlerMethod.invokeForRequest(Lorg/springframework/web/context/request/NativeWebRequest;Lorg/springframework/web/method/support/ModelAndViewContainer;[Ljava/lang/Object;)Ljava/lang/Object;+54
j  org.springframework.web.servlet.mvc.method.annotation.ServletInvocableHandlerMethod.invokeAndHandle(Lorg/springframework/web/context/request/ServletWebRequest;Lorg/springframework/web/method/support/ModelAndViewContainer;[Ljava/lang/Object;)V+4
j  org.springframework.web.servlet.mvc.method.annotation.RequestMappingHandlerAdapter.invokeHandlerMethod(Ljavax/servlet/http/HttpServletRequest;Ljavax/servlet/http/HttpServletResponse;Lorg/springframework/web/method/HandlerMethod;)Lorg/springframework/web/servlet/ModelAndView;+244
j  org.springframework.web.servlet.mvc.method.annotation.RequestMappingHandlerAdapter.handleInternal(Ljavax/servlet/http/HttpServletRequest;Ljavax/servlet/http/HttpServletResponse;Lorg/springframework/web/method/HandlerMethod;)Lorg/springframework/web/servlet/ModelAndView;+81
j  org.springframework.web.servlet.mvc.method.AbstractHandlerMethodAdapter.handle(Ljavax/servlet/http/HttpServletRequest;Ljavax/servlet/http/HttpServletResponse;Ljava/lang/Object;)Lorg/springframework/web/servlet/ModelAndView;+7
j  org.springframework.web.servlet.DispatcherServlet.doDispatch(Ljavax/servlet/http/HttpServletRequest;Ljavax/servlet/http/HttpServletResponse;)V+259
j  org.springframework.web.servlet.DispatcherServlet.doService(Ljavax/servlet/http/HttpServletRequest;Ljavax/servlet/http/HttpServletResponse;)V+241
j  org.springframework.web.servlet.FrameworkServlet.processRequest(Ljavax/servlet/http/HttpServletRequest;Ljavax/servlet/http/HttpServletResponse;)V+71
j  org.springframework.web.servlet.FrameworkServlet.doPost(Ljavax/servlet/http/HttpServletRequest;Ljavax/servlet/http/HttpServletResponse;)V+3
j  javax.servlet.http.HttpServlet.service(Ljavax/servlet/http/HttpServletRequest;Ljavax/servlet/http/HttpServletResponse;)V+149
j  org.springframework.web.servlet.FrameworkServlet.service(Ljavax/servlet/http/HttpServletRequest;Ljavax/servlet/http/HttpServletResponse;)V+33
j  javax.servlet.http.HttpServlet.service(Ljavax/servlet/ServletRequest;Ljavax/servlet/ServletResponse;)V+36
J 6872 c1 org.apache.catalina.core.ApplicationFilterChain.internalDoFilter(Ljavax/servlet/ServletRequest;Ljavax/servlet/ServletResponse;)V (388 bytes) @ 0x0000000117c4d86c [0x0000000117c4d620+0x000000000000024c]
J 6873 c1 org.apache.catalina.core.ApplicationFilterChain.doFilter(Ljavax/servlet/ServletRequest;Ljavax/servlet/ServletResponse;)V (103 bytes) @ 0x0000000117c55f14 [0x0000000117c55ec0+0x0000000000000054]
j  org.apache.tomcat.websocket.server.WsFilter.doFilter(Ljavax/servlet/ServletRequest;Ljavax/servlet/ServletResponse;Ljavax/servlet/FilterChain;)V+21
J 6872 c1 org.apache.catalina.core.ApplicationFilterChain.internalDoFilter(Ljavax/servlet/ServletRequest;Ljavax/servlet/ServletResponse;)V (388 bytes) @ 0x0000000117c4daa4 [0x0000000117c4d620+0x0000000000000484]
J 6873 c1 org.apache.catalina.core.ApplicationFilterChain.doFilter(Ljavax/servlet/ServletRequest;Ljavax/servlet/ServletResponse;)V (103 bytes) @ 0x0000000117c55f14 [0x0000000117c55ec0+0x0000000000000054]
j  org.springframework.web.filter.RequestContextFilter.doFilterInternal(Ljavax/servlet/http/HttpServletRequest;Ljavax/servlet/http/HttpServletResponse;Ljavax/servlet/FilterChain;)V+21
J 7302 c1 org.springframework.web.filter.OncePerRequestFilter.doFilter(Ljavax/servlet/ServletRequest;Ljavax/servlet/ServletResponse;Ljavax/servlet/FilterChain;)V (175 bytes) @ 0x0000000117cfefc4 [0x0000000117cfec20+0x00000000000003a4]
J 6872 c1 org.apache.catalina.core.ApplicationFilterChain.internalDoFilter(Ljavax/servlet/ServletRequest;Ljavax/servlet/ServletResponse;)V (388 bytes) @ 0x0000000117c4daa4 [0x0000000117c4d620+0x0000000000000484]
J 6873 c1 org.apache.catalina.core.ApplicationFilterChain.doFilter(Ljavax/servlet/ServletRequest;Ljavax/servlet/ServletResponse;)V (103 bytes) @ 0x0000000117c55f14 [0x0000000117c55ec0+0x0000000000000054]
j  org.springframework.web.filter.FormContentFilter.doFilterInternal(Ljavax/servlet/http/HttpServletRequest;Ljavax/servlet/http/HttpServletResponse;Ljavax/servlet/FilterChain;)V+38
J 7302 c1 org.springframework.web.filter.OncePerRequestFilter.doFilter(Ljavax/servlet/ServletRequest;Ljavax/servlet/ServletResponse;Ljavax/servlet/FilterChain;)V (175 bytes) @ 0x0000000117cfefc4 [0x0000000117cfec20+0x00000000000003a4]
J 6872 c1 org.apache.catalina.core.ApplicationFilterChain.internalDoFilter(Ljavax/servlet/ServletRequest;Ljavax/servlet/ServletResponse;)V (388 bytes) @ 0x0000000117c4daa4 [0x0000000117c4d620+0x0000000000000484]
J 6873 c1 org.apache.catalina.core.ApplicationFilterChain.doFilter(Ljavax/servlet/ServletRequest;Ljavax/servlet/ServletResponse;)V (103 bytes) @ 0x0000000117c55f14 [0x0000000117c55ec0+0x0000000000000054]
j  org.springframework.web.filter.CharacterEncodingFilter.doFilterInternal(Ljavax/servlet/http/HttpServletRequest;Ljavax/servlet/http/HttpServletResponse;Ljavax/servlet/FilterChain;)V+53
J 7302 c1 org.springframework.web.filter.OncePerRequestFilter.doFilter(Ljavax/servlet/ServletRequest;Ljavax/servlet/ServletResponse;Ljavax/servlet/FilterChain;)V (175 bytes) @ 0x0000000117cfefc4 [0x0000000117cfec20+0x00000000000003a4]
J 6872 c1 org.apache.catalina.core.ApplicationFilterChain.internalDoFilter(Ljavax/servlet/ServletRequest;Ljavax/servlet/ServletResponse;)V (388 bytes) @ 0x0000000117c4daa4 [0x0000000117c4d620+0x0000000000000484]
J 6873 c1 org.apache.catalina.core.ApplicationFilterChain.doFilter(Ljavax/servlet/ServletRequest;Ljavax/servlet/ServletResponse;)V (103 bytes) @ 0x0000000117c55f14 [0x0000000117c55ec0+0x0000000000000054]
j  org.apache.catalina.core.StandardWrapperValve.invoke(Lorg/apache/catalina/connector/Request;Lorg/apache/catalina/connector/Response;)V+694
j  org.apache.catalina.core.StandardContextValve.invoke(Lorg/apache/catalina/connector/Request;Lorg/apache/catalina/connector/Response;)V+169
j  org.apache.catalina.authenticator.AuthenticatorBase.invoke(Lorg/apache/catalina/connector/Request;Lorg/apache/catalina/connector/Response;)V+260
j  org.apache.catalina.core.StandardHostValve.invoke(Lorg/apache/catalina/connector/Request;Lorg/apache/catalina/connector/Response;)V+128
j  org.apache.catalina.valves.ErrorReportValve.invoke(Lorg/apache/catalina/connector/Request;Lorg/apache/catalina/connector/Response;)V+6
j  org.apache.catalina.core.StandardEngineValve.invoke(Lorg/apache/catalina/connector/Request;Lorg/apache/catalina/connector/Response;)V+59
j  org.apache.catalina.connector.CoyoteAdapter.service(Lorg/apache/coyote/Request;Lorg/apache/coyote/Response;)V+199
j  org.apache.coyote.http11.Http11Processor.service(Lorg/apache/tomcat/util/net/SocketWrapperBase;)Lorg/apache/tomcat/util/net/AbstractEndpoint$Handler$SocketState;+737
j  org.apache.coyote.AbstractProcessorLight.process(Lorg/apache/tomcat/util/net/SocketWrapperBase;Lorg/apache/tomcat/util/net/SocketEvent;)Lorg/apache/tomcat/util/net/AbstractEndpoint$Handler$SocketState;+170
j  org.apache.coyote.AbstractProtocol$ConnectionHandler.process(Lorg/apache/tomcat/util/net/SocketWrapperBase;Lorg/apache/tomcat/util/net/SocketEvent;)Lorg/apache/tomcat/util/net/AbstractEndpoint$Handler$SocketState;+505
j  org.apache.tomcat.util.net.NioEndpoint$SocketProcessor.doRun()V+216
j  org.apache.tomcat.util.net.SocketProcessorBase.run()V+21
j  org.apache.tomcat.util.threads.ThreadPoolExecutor.runWorker(Lorg/apache/tomcat/util/threads/ThreadPoolExecutor$Worker;)V+92
j  org.apache.tomcat.util.threads.ThreadPoolExecutor$Worker.run()V+5
j  org.apache.tomcat.util.threads.TaskThread$WrappingRunnable.run()V+4
j  java.lang.Thread.run()V+11 java.base@11.0.12
v  ~StubRoutines::call_stub

---------------  P R O C E S S  ---------------

Threads class SMR info:
_java_thread_list=0x00007fedea8119b0, length=49, elements={
0x00007fede808b000, 0x00007fede808c000, 0x00007fede7829800, 0x00007fede8092000,
0x00007fede8095000, 0x00007fede980d800, 0x00007fede810a000, 0x00007fede9813800,
0x00007fede884b000, 0x00007fede884c000, 0x00007fede99f2000, 0x00007fede79dd000,
0x00007fede810f000, 0x00007fede891f000, 0x00007fede8387000, 0x00007fede9a23000,
0x00007fede863e800, 0x00007fede7b1d800, 0x00007fede8a2b000, 0x00007fede858d800,
0x00007fede8a5f800, 0x00007fede8a3b000, 0x00007fede9b5e800, 0x00007fede80bc000,
0x00007fede9aa6800, 0x00007fede8aab800, 0x00007fede7a51000, 0x00007fede8559800,
0x00007fede99f7800, 0x00007fede8241800, 0x00007fede8906000, 0x00007fede9a7c000,
0x00007fede9b56000, 0x00007fede9a89800, 0x00007fede7abb800, 0x00007fede834a800,
0x00007fede89e4800, 0x00007fedec040800, 0x00007fede8966000, 0x00007fedec041000,
0x00007fede9ba4800, 0x00007fede7a65000, 0x00007fede7d1d800, 0x00007fede821a000,
0x00007fede7d1c800, 0x00007fedec296800, 0x00007fede88f4000, 0x00007fede9baa000,
0x00007fede9ea2800
}

Java Threads: ( => current thread )
  0x00007fede808b000 JavaThread "Reference Handler" daemon [_thread_blocked, id=14083, stack(0x0000700005205000,0x0000700005305000)]
  0x00007fede808c000 JavaThread "Finalizer" daemon [_thread_blocked, id=14595, stack(0x0000700005308000,0x0000700005408000)]
  0x00007fede7829800 JavaThread "Signal Dispatcher" daemon [_thread_blocked, id=16387, stack(0x0000700005511000,0x0000700005611000)]
  0x00007fede8092000 JavaThread "Service Thread" daemon [_thread_blocked, id=21763, stack(0x0000700005614000,0x0000700005714000)]
  0x00007fede8095000 JavaThread "C1 CompilerThread0" daemon [_thread_blocked, id=22531, stack(0x0000700005717000,0x0000700005817000)]
  0x00007fede980d800 JavaThread "Sweeper thread" daemon [_thread_blocked, id=22787, stack(0x000070000581a000,0x000070000591a000)]
  0x00007fede810a000 JavaThread "Common-Cleaner" daemon [_thread_blocked, id=23299, stack(0x000070000591d000,0x0000700005a1d000)]
  0x00007fede9813800 JavaThread "JDWP Transport Listener: dt_socket" daemon [_thread_blocked, id=41987, stack(0x0000700005a20000,0x0000700005b20000)]
  0x00007fede884b000 JavaThread "JDWP Event Helper Thread" daemon [_thread_blocked, id=41731, stack(0x0000700005b23000,0x0000700005c23000)]
  0x00007fede884c000 JavaThread "JDWP Command Reader" daemon [_thread_blocked, id=24067, stack(0x0000700005c26000,0x0000700005d26000)]
  0x00007fede99f2000 JavaThread "RMI TCP Accept-0" daemon [_thread_in_native, id=25091, stack(0x0000700006032000,0x0000700006132000)]
  0x00007fede79dd000 JavaThread "RMI TCP Accept-56213" daemon [_thread_in_native, id=39171, stack(0x0000700006135000,0x0000700006235000)]
  0x00007fede810f000 JavaThread "RMI TCP Accept-0" daemon [_thread_in_native, id=25859, stack(0x0000700006238000,0x0000700006338000)]
  0x00007fede891f000 JavaThread "Attach Listener" daemon [_thread_blocked, id=38659, stack(0x000070000643e000,0x000070000653e000)]
  0x00007fede8387000 JavaThread "RMI Scheduler(0)" daemon [_thread_blocked, id=37379, stack(0x000070000694d000,0x0000700006a4d000)]
  0x00007fede9a23000 JavaThread "JMX server connection timeout 25" daemon [_thread_blocked, id=29699, stack(0x0000700006a50000,0x0000700006b50000)]
  0x00007fede863e800 JavaThread "mysql-cj-abandoned-connection-cleanup" daemon [_thread_blocked, id=36615, stack(0x0000700006c56000,0x0000700006d56000)]
  0x00007fede7b1d800 JavaThread "Live Reload Server" daemon [_thread_in_native, id=34567, stack(0x000070000736b000,0x000070000746b000)]
  0x00007fede8a2b000 JavaThread "DestroyJavaVM" [_thread_blocked, id=5891, stack(0x0000700004af0000,0x0000700004bf0000)]
  0x00007fede858d800 JavaThread "http-nio-8080-exec-1" daemon [_thread_blocked, id=33799, stack(0x0000700007165000,0x0000700007265000)]
  0x00007fede8a5f800 JavaThread "http-nio-8080-exec-2" daemon [_thread_blocked, id=46599, stack(0x0000700007777000,0x0000700007877000)]
  0x00007fede8a3b000 JavaThread "http-nio-8080-exec-3" daemon [_thread_blocked, id=83975, stack(0x0000700007b83000,0x0000700007c83000)]
  0x00007fede9b5e800 JavaThread "http-nio-8080-exec-4" daemon [_thread_blocked, id=44807, stack(0x0000700007c86000,0x0000700007d86000)]
  0x00007fede80bc000 JavaThread "http-nio-8080-exec-6" daemon [_thread_blocked, id=83715, stack(0x0000700007e8c000,0x0000700007f8c000)]
  0x00007fede9aa6800 JavaThread "http-nio-8080-exec-7" daemon [_thread_blocked, id=82947, stack(0x0000700007f8f000,0x000070000808f000)]
  0x00007fede8aab800 JavaThread "http-nio-8080-exec-8" daemon [_thread_blocked, id=82691, stack(0x0000700008092000,0x0000700008192000)]
  0x00007fede7a51000 JavaThread "http-nio-8080-exec-9" daemon [_thread_blocked, id=48131, stack(0x0000700008195000,0x0000700008295000)]
  0x00007fede8559800 JavaThread "http-nio-8080-exec-10" daemon [_thread_blocked, id=81411, stack(0x0000700008298000,0x0000700008398000)]
  0x00007fede99f7800 JavaThread "http-nio-8080-exec-11" daemon [_thread_blocked, id=28935, stack(0x0000700006541000,0x0000700006641000)]
  0x00007fede8241800 JavaThread "http-nio-8080-exec-14" daemon [_thread_blocked, id=86539, stack(0x0000700006747000,0x0000700006847000)]
  0x00007fede8906000 JavaThread "http-nio-8080-exec-15" daemon [_thread_blocked, id=45319, stack(0x000070000684a000,0x000070000694a000)]
  0x00007fede9a7c000 JavaThread "http-nio-8080-exec-16" daemon [_thread_blocked, id=37643, stack(0x0000700007674000,0x0000700007774000)]
  0x00007fede9b56000 JavaThread "http-nio-8080-exec-18" daemon [_thread_blocked, id=37899, stack(0x0000700007a80000,0x0000700007b80000)]
  0x00007fede9a89800 JavaThread "RMI TCP Connection(idle)" daemon [_thread_blocked, id=32019, stack(0x0000700007d89000,0x0000700007e89000)]
  0x00007fede7abb800 JavaThread "http-nio-8080-exec-2" daemon [_thread_blocked, id=43787, stack(0x000070000849e000,0x000070000859e000)]
  0x00007fede834a800 JavaThread "http-nio-8080-exec-3" daemon [_thread_blocked, id=16655, stack(0x00007000085a1000,0x00007000086a1000)]
  0x00007fede89e4800 JavaThread "http-nio-8080-exec-4" daemon [_thread_blocked, id=49923, stack(0x00007000086a4000,0x00007000087a4000)]
  0x00007fedec040800 JavaThread "http-nio-8080-exec-7" daemon [_thread_blocked, id=79107, stack(0x00007000089ad000,0x0000700008aad000)]
  0x00007fede8966000 JavaThread "http-nio-8080-exec-9" daemon [_thread_blocked, id=78339, stack(0x0000700008bb3000,0x0000700008cb3000)]
  0x00007fedec041000 JavaThread "http-nio-8080-exec-10" daemon [_thread_blocked, id=77827, stack(0x0000700008cb6000,0x0000700008db6000)]
  0x00007fede9ba4800 JavaThread "RMI TCP Connection(idle)" daemon [_thread_blocked, id=85771, stack(0x0000700006644000,0x0000700006744000)]
  0x00007fede7a65000 JavaThread "RMI TCP Connection(idle)" daemon [_thread_blocked, id=32791, stack(0x0000700006d59000,0x0000700006e59000)]
  0x00007fede7d1d800 JavaThread "RMI TCP Connection(idle)" daemon [_thread_blocked, id=35083, stack(0x000070000839b000,0x000070000849b000)]
  0x00007fede821a000 JavaThread "http-nio-8080-exec-9" daemon [_thread_blocked, id=75523, stack(0x00007000092c8000,0x00007000093c8000)]
  0x00007fede7d1c800 JavaThread "http-nio-8080-exec-1" daemon [_thread_blocked, id=54027, stack(0x0000700006e5c000,0x0000700006f5c000)]
  0x00007fedec296800 JavaThread "http-nio-8080-exec-2" daemon [_thread_blocked, id=35871, stack(0x000070000746e000,0x000070000756e000)]
  0x00007fede88f4000 JavaThread "http-nio-8080-exec-4" daemon [_thread_blocked, id=52743, stack(0x0000700008ab0000,0x0000700008bb0000)]
  0x00007fede9baa000 JavaThread "http-nio-8080-exec-9" daemon [_thread_blocked, id=27923, stack(0x00007000091c5000,0x00007000092c5000)]
  0x00007fede9ea2800 JavaThread "Thread-15" [_thread_blocked, id=74499, stack(0x00007000094ce000,0x00007000095ce000)]

Other Threads:
  0x00007fede780b800 VMThread "VM Thread" [stack: 0x0000700005102000,0x0000700005202000] [id=19203]
  0x00007fede79a2000 WatcherThread [stack: 0x000070000633b000,0x000070000643b000] [id=26371]
  0x00007fede801d000 GCTaskThread "GC Thread#0" [stack: 0x0000700004bf3000,0x0000700004cf3000] [id=20995]
  0x00007fede8863000 GCTaskThread "GC Thread#1" [stack: 0x0000700005d29000,0x0000700005e29000] [id=40707]
=>0x00007fede8918000 GCTaskThread "GC Thread#2" [stack: 0x0000700005e2c000,0x0000700005f2c000] [id=24323]
  0x00007fede7c1a800 GCTaskThread "GC Thread#3" [stack: 0x0000700006b53000,0x0000700006c53000] [id=30211]
  0x00007fede8048800 ConcurrentGCThread "G1 Main Marker" [stack: 0x0000700004cf6000,0x0000700004df6000] [id=11779]
  0x00007fede8049800 ConcurrentGCThread "G1 Conc#0" [stack: 0x0000700004df9000,0x0000700004ef9000] [id=20483]
  0x00007fede8848800 ConcurrentGCThread "G1 Refine#0" [stack: 0x0000700004efc000,0x0000700004ffc000] [id=12803]
  0x00007fede891c000 ConcurrentGCThread "G1 Refine#1" [stack: 0x0000700005f2f000,0x000070000602f000] [id=40195]
  0x00007fede805a000 ConcurrentGCThread "G1 Young RemSet Sampling" [stack: 0x0000700004fff000,0x00007000050ff000] [id=13315]

Threads with active compile tasks:

VM state:at safepoint (normal execution)

VM Mutex/Monitor currently owned by a thread:  ([mutex/lock_event])
[0x00007fede9006690] Threads_lock - owner thread: 0x00007fede780b800
[0x00007fede9006d90] Heap_lock - owner thread: 0x00007fede9ea2800

Heap address: 0x0000000780000000, size: 2048 MB, Compressed Oops mode: Zero based, Oop shift amount: 3
Narrow klass base: 0x0000000800000000, Narrow klass shift: 0
Compressed class space size: 1073741824 Address: 0x0000000800000000

Heap:
 garbage-first heap   total 112640K, used 80846K [0x0000000780000000, 0x0000000800000000)
  region size 1024K, 36 young (36864K), 4 survivors (4096K)
 Metaspace       used 82285K, capacity 85002K, committed 85376K, reserved 1122304K
  class space    used 10800K, capacity 11813K, committed 11904K, reserved 1048576K
Heap Regions: E=young(eden), S=young(survivor), O=old, HS=humongous(starts), HC=humongous(continues), CS=collection set, F=free, A=archive, TAMS=top-at-mark-start (previous, next)
|   0|0x0000000780000000, 0x0000000780100000, 0x0000000780100000|100%|HS|  |TAMS 0x0000000780000000, 0x0000000780000000| Untracked 
|   1|0x0000000780100000, 0x00000007801fffd8, 0x0000000780200000| 99%| O|  |TAMS 0x0000000780100000, 0x0000000780100000| Untracked 
|   2|0x0000000780200000, 0x0000000780300000, 0x0000000780300000|100%| O|  |TAMS 0x0000000780200000, 0x0000000780200000| Untracked 
|   3|0x0000000780300000, 0x0000000780400000, 0x0000000780400000|100%| O|  |TAMS 0x0000000780300000, 0x0000000780300000| Untracked 
|   4|0x0000000780400000, 0x00000007804fffd0, 0x0000000780500000| 99%| O|  |TAMS 0x0000000780400000, 0x0000000780400000| Untracked 
|   5|0x0000000780500000, 0x00000007805fffc0, 0x0000000780600000| 99%| O|  |TAMS 0x0000000780500000, 0x0000000780500000| Untracked 
|   6|0x0000000780600000, 0x0000000780700000, 0x0000000780700000|100%| O|  |TAMS 0x0000000780600000, 0x0000000780600000| Untracked 
|   7|0x0000000780700000, 0x00000007807fffc0, 0x0000000780800000| 99%| O|  |TAMS 0x0000000780700000, 0x0000000780700000| Untracked 
|   8|0x0000000780800000, 0x00000007808fffe8, 0x0000000780900000| 99%| O|  |TAMS 0x0000000780800000, 0x0000000780800000| Untracked 
|   9|0x0000000780900000, 0x00000007809ffff8, 0x0000000780a00000| 99%| O|  |TAMS 0x0000000780900000, 0x0000000780900000| Untracked 
|  10|0x0000000780a00000, 0x0000000780b00000, 0x0000000780b00000|100%| O|  |TAMS 0x0000000780a00000, 0x0000000780a00000| Untracked 
|  11|0x0000000780b00000, 0x0000000780bfffb0, 0x0000000780c00000| 99%| O|  |TAMS 0x0000000780b00000, 0x0000000780b00000| Untracked 
|  12|0x0000000780c00000, 0x0000000780d00000, 0x0000000780d00000|100%| O|  |TAMS 0x0000000780c00000, 0x0000000780c00000| Untracked 
|  13|0x0000000780d00000, 0x0000000780dffff0, 0x0000000780e00000| 99%| O|  |TAMS 0x0000000780d00000, 0x0000000780d00000| Untracked 
|  14|0x0000000780e00000, 0x0000000780efed78, 0x0000000780f00000| 99%| O|  |TAMS 0x0000000780e00000, 0x0000000780e00000| Untracked 
|  15|0x0000000780f00000, 0x0000000780fffff8, 0x0000000781000000| 99%| O|  |TAMS 0x0000000780f00000, 0x0000000780f00000| Untracked 
|  16|0x0000000781000000, 0x00000007810fffd0, 0x0000000781100000| 99%| O|  |TAMS 0x0000000781000000, 0x0000000781000000| Untracked 
|  17|0x0000000781100000, 0x0000000781200000, 0x0000000781200000|100%| O|  |TAMS 0x0000000781100000, 0x0000000781100000| Untracked 
|  18|0x0000000781200000, 0x00000007812fffe0, 0x0000000781300000| 99%| O|  |TAMS 0x0000000781200000, 0x0000000781200000| Untracked 
|  19|0x0000000781300000, 0x00000007813fffd0, 0x0000000781400000| 99%| O|  |TAMS 0x0000000781300000, 0x0000000781300000| Untracked 
|  20|0x0000000781400000, 0x00000007814ffff8, 0x0000000781500000| 99%| O|  |TAMS 0x0000000781400000, 0x0000000781400000| Untracked 
|  21|0x0000000781500000, 0x0000000781600000, 0x0000000781600000|100%| O|  |TAMS 0x0000000781500000, 0x0000000781500000| Untracked 
|  22|0x0000000781600000, 0x00000007816ffff8, 0x0000000781700000| 99%| O|  |TAMS 0x0000000781600000, 0x0000000781600000| Untracked 
|  23|0x0000000781700000, 0x00000007817ff840, 0x0000000781800000| 99%| O|  |TAMS 0x0000000781700000, 0x0000000781700000| Untracked 
|  24|0x0000000781800000, 0x0000000781900000, 0x0000000781900000|100%| O|  |TAMS 0x0000000781800000, 0x0000000781800000| Untracked 
|  25|0x0000000781900000, 0x00000007819fcf48, 0x0000000781a00000| 98%| O|  |TAMS 0x0000000781900000, 0x0000000781900000| Untracked 
|  26|0x0000000781a00000, 0x0000000781affff8, 0x0000000781b00000| 99%| O|  |TAMS 0x0000000781a00000, 0x0000000781a00000| Untracked 
|  27|0x0000000781b00000, 0x0000000781bffff0, 0x0000000781c00000| 99%| O|  |TAMS 0x0000000781b00000, 0x0000000781b00000| Untracked 
|  28|0x0000000781c00000, 0x0000000781cfd7d8, 0x0000000781d00000| 99%| O|  |TAMS 0x0000000781c00000, 0x0000000781c00000| Untracked 
|  29|0x0000000781d00000, 0x0000000781dfffe0, 0x0000000781e00000| 99%| O|  |TAMS 0x0000000781d00000, 0x0000000781d00000| Untracked 
|  30|0x0000000781e00000, 0x0000000781effff0, 0x0000000781f00000| 99%| O|  |TAMS 0x0000000781e00000, 0x0000000781e00000| Untracked 
|  31|0x0000000781f00000, 0x0000000781ffc890, 0x0000000782000000| 98%| O|  |TAMS 0x0000000781f00000, 0x0000000781f00000| Untracked 
|  32|0x0000000782000000, 0x00000007820ffab8, 0x0000000782100000| 99%| O|  |TAMS 0x0000000782000000, 0x0000000782000000| Untracked 
|  33|0x0000000782100000, 0x00000007821ffaf8, 0x0000000782200000| 99%| O|  |TAMS 0x0000000782100000, 0x0000000782100000| Untracked 
|  34|0x0000000782200000, 0x00000007822fffe0, 0x0000000782300000| 99%| O|  |TAMS 0x0000000782200000, 0x0000000782200000| Untracked 
|  35|0x0000000782300000, 0x00000007823fffe0, 0x0000000782400000| 99%| O|  |TAMS 0x0000000782300000, 0x0000000782300000| Untracked 
|  36|0x0000000782400000, 0x0000000782500000, 0x0000000782500000|100%| O|  |TAMS 0x0000000782400000, 0x0000000782400000| Untracked 
|  37|0x0000000782500000, 0x00000007825ff5a0, 0x0000000782600000| 99%| O|  |TAMS 0x0000000782500000, 0x0000000782500000| Untracked 
|  38|0x0000000782600000, 0x00000007826fffd0, 0x0000000782700000| 99%| O|  |TAMS 0x0000000782600000, 0x0000000782600000| Untracked 
|  39|0x0000000782700000, 0x0000000782777aa0, 0x0000000782800000| 46%| O|  |TAMS 0x0000000782700000, 0x0000000782700000| Untracked 
|  40|0x0000000782800000, 0x0000000782900000, 0x0000000782900000|100%| O|  |TAMS 0x0000000782800000, 0x0000000782800000| Untracked 
|  41|0x0000000782900000, 0x00000007829bec00, 0x0000000782a00000| 74%| O|  |TAMS 0x0000000782900000, 0x0000000782900000| Untracked 
|  42|0x0000000782a00000, 0x0000000782a00000, 0x0000000782b00000|  0%| F|  |TAMS 0x0000000782a00000, 0x0000000782a00000| Untracked 
|  43|0x0000000782b00000, 0x0000000782bfd560, 0x0000000782c00000| 98%| O|  |TAMS 0x0000000782b00000, 0x0000000782b00000| Untracked 
|  44|0x0000000782c00000, 0x0000000782c00000, 0x0000000782d00000|  0%| F|  |TAMS 0x0000000782c00000, 0x0000000782c00000| Untracked 
|  45|0x0000000782d00000, 0x0000000782da1e30, 0x0000000782e00000| 63%| O|  |TAMS 0x0000000782d00000, 0x0000000782d00000| Untracked 
|  46|0x0000000782e00000, 0x0000000782e00000, 0x0000000782f00000|  0%| F|  |TAMS 0x0000000782e00000, 0x0000000782e00000| Untracked 
|  47|0x0000000782f00000, 0x0000000782f00000, 0x0000000783000000|  0%| F|  |TAMS 0x0000000782f00000, 0x0000000782f00000| Untracked 
|  48|0x0000000783000000, 0x0000000783000000, 0x0000000783100000|  0%| F|  |TAMS 0x0000000783000000, 0x0000000783000000| Untracked 
|  49|0x0000000783100000, 0x0000000783100000, 0x0000000783200000|  0%| F|  |TAMS 0x0000000783100000, 0x0000000783100000| Untracked 
|  50|0x0000000783200000, 0x0000000783200000, 0x0000000783300000|  0%| F|  |TAMS 0x0000000783200000, 0x0000000783200000| Untracked 
|  51|0x0000000783300000, 0x0000000783300000, 0x0000000783400000|  0%| F|  |TAMS 0x0000000783300000, 0x0000000783300000| Untracked 
|  52|0x0000000783400000, 0x0000000783400000, 0x0000000783500000|  0%| F|  |TAMS 0x0000000783400000, 0x0000000783400000| Untracked 
|  53|0x0000000783500000, 0x0000000783500000, 0x0000000783600000|  0%| F|  |TAMS 0x0000000783500000, 0x0000000783500000| Untracked 
|  54|0x0000000783600000, 0x0000000783600000, 0x0000000783700000|  0%| F|  |TAMS 0x0000000783600000, 0x0000000783600000| Untracked 
|  55|0x0000000783700000, 0x0000000783700000, 0x0000000783800000|  0%| F|  |TAMS 0x0000000783700000, 0x0000000783700000| Untracked 
|  56|0x0000000783800000, 0x00000007838f4bc8, 0x0000000783900000| 95%| S|  |TAMS 0x0000000783800000, 0x0000000783800000| Complete 
|  57|0x0000000783900000, 0x0000000783900000, 0x0000000783a00000|  0%| F|  |TAMS 0x0000000783900000, 0x0000000783900000| Untracked 
|  58|0x0000000783a00000, 0x0000000783aa7ef8, 0x0000000783b00000| 65%| O|  |TAMS 0x0000000783a00000, 0x0000000783a00000| Untracked 
|  59|0x0000000783b00000, 0x0000000783b00000, 0x0000000783c00000|  0%| F|  |TAMS 0x0000000783b00000, 0x0000000783b00000| Untracked 
|  60|0x0000000783c00000, 0x0000000783c00000, 0x0000000783d00000|  0%| F|  |TAMS 0x0000000783c00000, 0x0000000783c00000| Untracked 
|  61|0x0000000783d00000, 0x0000000783e00000, 0x0000000783e00000|100%| S|  |TAMS 0x0000000783d00000, 0x0000000783d00000| Complete 
|  62|0x0000000783e00000, 0x0000000783f00000, 0x0000000783f00000|100%| S|  |TAMS 0x0000000783e00000, 0x0000000783e00000| Complete 
|  63|0x0000000783f00000, 0x0000000784000000, 0x0000000784000000|100%| S|  |TAMS 0x0000000783f00000, 0x0000000783f00000| Complete 
|  64|0x0000000784000000, 0x0000000784000000, 0x0000000784100000|  0%| F|  |TAMS 0x0000000784000000, 0x0000000784000000| Untracked 
|  65|0x0000000784100000, 0x0000000784100000, 0x0000000784200000|  0%| F|  |TAMS 0x0000000784100000, 0x0000000784100000| Untracked 
|  66|0x0000000784200000, 0x0000000784200000, 0x0000000784300000|  0%| F|  |TAMS 0x0000000784200000, 0x0000000784200000| Untracked 
|  67|0x0000000784300000, 0x0000000784300000, 0x0000000784400000|  0%| F|  |TAMS 0x0000000784300000, 0x0000000784300000| Untracked 
|  68|0x0000000784400000, 0x0000000784400000, 0x0000000784500000|  0%| F|  |TAMS 0x0000000784400000, 0x0000000784400000| Untracked 
|  69|0x0000000784500000, 0x0000000784500000, 0x0000000784600000|  0%| F|  |TAMS 0x0000000784500000, 0x0000000784500000| Untracked 
|  70|0x0000000784600000, 0x0000000784600000, 0x0000000784700000|  0%| F|  |TAMS 0x0000000784600000, 0x0000000784600000| Untracked 
|  71|0x0000000784700000, 0x0000000784700000, 0x0000000784800000|  0%| F|  |TAMS 0x0000000784700000, 0x0000000784700000| Untracked 
|  72|0x0000000784800000, 0x0000000784800000, 0x0000000784900000|  0%| F|  |TAMS 0x0000000784800000, 0x0000000784800000| Untracked 
|  73|0x0000000784900000, 0x0000000784900000, 0x0000000784a00000|  0%| F|  |TAMS 0x0000000784900000, 0x0000000784900000| Untracked 
|  74|0x0000000784a00000, 0x0000000784a00000, 0x0000000784b00000|  0%| F|  |TAMS 0x0000000784a00000, 0x0000000784a00000| Untracked 
|  75|0x0000000784b00000, 0x0000000784b00000, 0x0000000784c00000|  0%| F|  |TAMS 0x0000000784b00000, 0x0000000784b00000| Untracked 
|  76|0x0000000784c00000, 0x0000000784c00000, 0x0000000784d00000|  0%| F|  |TAMS 0x0000000784c00000, 0x0000000784c00000| Untracked 
|  77|0x0000000784d00000, 0x0000000784d00000, 0x0000000784e00000|  0%| F|  |TAMS 0x0000000784d00000, 0x0000000784d00000| Untracked 
|  78|0x0000000784e00000, 0x0000000784e8d830, 0x0000000784f00000| 55%| E|  |TAMS 0x0000000784e00000, 0x0000000784e00000| Complete 
|  79|0x0000000784f00000, 0x0000000785000000, 0x0000000785000000|100%| E|  |TAMS 0x0000000784f00000, 0x0000000784f00000| Complete 
|  80|0x0000000785000000, 0x0000000785100000, 0x0000000785100000|100%| E|  |TAMS 0x0000000785000000, 0x0000000785000000| Complete 
|  81|0x0000000785100000, 0x0000000785200000, 0x0000000785200000|100%| E|  |TAMS 0x0000000785100000, 0x0000000785100000| Complete 
|  82|0x0000000785200000, 0x0000000785300000, 0x0000000785300000|100%| E|  |TAMS 0x0000000785200000, 0x0000000785200000| Complete 
|  83|0x0000000785300000, 0x0000000785400000, 0x0000000785400000|100%| E|  |TAMS 0x0000000785300000, 0x0000000785300000| Complete 
|  84|0x0000000785400000, 0x0000000785500000, 0x0000000785500000|100%| E|  |TAMS 0x0000000785400000, 0x0000000785400000| Complete 
|  85|0x0000000785500000, 0x0000000785600000, 0x0000000785600000|100%| E|  |TAMS 0x0000000785500000, 0x0000000785500000| Complete 
|  86|0x0000000785600000, 0x0000000785700000, 0x0000000785700000|100%| E|  |TAMS 0x0000000785600000, 0x0000000785600000| Complete 
|  87|0x0000000785700000, 0x0000000785800000, 0x0000000785800000|100%| E|  |TAMS 0x0000000785700000, 0x0000000785700000| Complete 
|  88|0x0000000785800000, 0x0000000785900000, 0x0000000785900000|100%| E|  |TAMS 0x0000000785800000, 0x0000000785800000| Complete 
|  89|0x0000000785900000, 0x0000000785a00000, 0x0000000785a00000|100%| E|  |TAMS 0x0000000785900000, 0x0000000785900000| Complete 
|  90|0x0000000785a00000, 0x0000000785b00000, 0x0000000785b00000|100%| E|  |TAMS 0x0000000785a00000, 0x0000000785a00000| Complete 
|  91|0x0000000785b00000, 0x0000000785c00000, 0x0000000785c00000|100%| E|  |TAMS 0x0000000785b00000, 0x0000000785b00000| Complete 
|  92|0x0000000785c00000, 0x0000000785d00000, 0x0000000785d00000|100%| E|  |TAMS 0x0000000785c00000, 0x0000000785c00000| Complete 
|  93|0x0000000785d00000, 0x0000000785e00000, 0x0000000785e00000|100%| E|  |TAMS 0x0000000785d00000, 0x0000000785d00000| Complete 
|  94|0x0000000785e00000, 0x0000000785f00000, 0x0000000785f00000|100%| E|  |TAMS 0x0000000785e00000, 0x0000000785e00000| Complete 
|  95|0x0000000785f00000, 0x0000000786000000, 0x0000000786000000|100%| E|  |TAMS 0x0000000785f00000, 0x0000000785f00000| Complete 
|  96|0x0000000786000000, 0x0000000786100000, 0x0000000786100000|100%| E|  |TAMS 0x0000000786000000, 0x0000000786000000| Complete 
|  97|0x0000000786100000, 0x0000000786200000, 0x0000000786200000|100%| E|  |TAMS 0x0000000786100000, 0x0000000786100000| Complete 
|  98|0x0000000786200000, 0x0000000786300000, 0x0000000786300000|100%| E|  |TAMS 0x0000000786200000, 0x0000000786200000| Complete 
|  99|0x0000000786300000, 0x0000000786400000, 0x0000000786400000|100%| E|  |TAMS 0x0000000786300000, 0x0000000786300000| Complete 
| 100|0x0000000786400000, 0x0000000786500000, 0x0000000786500000|100%| E|  |TAMS 0x0000000786400000, 0x0000000786400000| Complete 
| 101|0x0000000786500000, 0x0000000786600000, 0x0000000786600000|100%| E|  |TAMS 0x0000000786500000, 0x0000000786500000| Complete 
| 102|0x0000000786600000, 0x0000000786700000, 0x0000000786700000|100%| E|  |TAMS 0x0000000786600000, 0x0000000786600000| Complete 
| 103|0x0000000786700000, 0x0000000786800000, 0x0000000786800000|100%| E|  |TAMS 0x0000000786700000, 0x0000000786700000| Complete 
| 104|0x0000000786800000, 0x0000000786900000, 0x0000000786900000|100%| E|  |TAMS 0x0000000786800000, 0x0000000786800000| Complete 
| 105|0x0000000786900000, 0x0000000786a00000, 0x0000000786a00000|100%| E|  |TAMS 0x0000000786900000, 0x0000000786900000| Complete 
| 106|0x0000000786a00000, 0x0000000786b00000, 0x0000000786b00000|100%| E|  |TAMS 0x0000000786a00000, 0x0000000786a00000| Complete 
| 107|0x0000000786b00000, 0x0000000786c00000, 0x0000000786c00000|100%| E|  |TAMS 0x0000000786b00000, 0x0000000786b00000| Complete 
| 108|0x0000000786c00000, 0x0000000786d00000, 0x0000000786d00000|100%| E|  |TAMS 0x0000000786c00000, 0x0000000786c00000| Complete 
| 109|0x0000000786d00000, 0x0000000786e00000, 0x0000000786e00000|100%| E|  |TAMS 0x0000000786d00000, 0x0000000786d00000| Complete 

Card table byte_map: [0x0000000113e50000,0x0000000114250000] _byte_map_base: 0x0000000110250000

Marking Bits (Prev, Next): (CMBitMap*) 0x00007fede8040018, (CMBitMap*) 0x00007fede8040050
 Prev Bits: [0x0000000114650000, 0x0000000116650000)
 Next Bits: [0x0000000125a69000, 0x0000000127a69000)

Polling page: 0x00000001081d9000

Metaspace:

Usage:
  Non-class:     71.47 MB capacity,    69.81 MB ( 98%) used,     1.37 MB (  2%) free+waste,   301.56 KB ( <1%) overhead. 
      Class:     11.54 MB capacity,    10.55 MB ( 91%) used,   867.51 KB (  7%) free+waste,   144.56 KB (  1%) overhead. 
       Both:     83.01 MB capacity,    80.36 MB ( 97%) used,     2.22 MB (  3%) free+waste,   446.12 KB ( <1%) overhead. 

Virtual space:
  Non-class space:       72.00 MB reserved,      71.75 MB (>99%) committed 
      Class space:        1.00 GB reserved,      11.62 MB (  1%) committed 
             Both:        1.07 GB reserved,      83.38 MB (  8%) committed 

Chunk freelists:
   Non-Class:  6.88 KB
       Class:  128 bytes
        Both:  7.00 KB

CodeHeap 'non-profiled nmethods': size=238948Kb used=21176Kb max_used=21176Kb free=217772Kb
 bounds [0x0000000117110000, 0x00000001185c0000, 0x0000000125a69000]
CodeHeap 'non-nmethods': size=6812Kb used=1333Kb max_used=1333Kb free=5479Kb
 bounds [0x0000000116a69000, 0x0000000116cd9000, 0x0000000117110000]
 total_blobs=12616 nmethods=11955 adapters=594
 compilation: enabled
              stopped_count=0, restarted_count=0
 full_count=0

Compilation events (10 events):
Event: 1954.663 Thread 0x00007fede8095000 11980       1       java.util.logging.Logger::getHandlers (5 bytes)
Event: 1954.664 Thread 0x00007fede8095000 nmethod 11980 0x00000001185bc890 code [0x00000001185bca40, 0x00000001185bcb20]
Event: 1954.664 Thread 0x00007fede8095000 11981       1       java.util.logging.Logger::accessCheckedHandlers (17 bytes)
Event: 1954.664 Thread 0x00007fede8095000 nmethod 11981 0x00000001185bcb90 code [0x00000001185bcd40, 0x00000001185bce80]
Event: 1954.666 Thread 0x00007fede8095000 11982       1       org.apache.catalina.connector.CoyoteAdapter::updateWrapperErrorCount (23 bytes)
Event: 1954.666 Thread 0x00007fede8095000 nmethod 11982 0x00000001185bcf90 code [0x00000001185bd140, 0x00000001185bd2d0]
Event: 1959.677 Thread 0x00007fede8095000 11983       1       com.sun.jmx.mbeanserver.MBeanSupport::getResource (5 bytes)
Event: 1959.677 Thread 0x00007fede8095000 nmethod 11983 0x00000001185bd510 code [0x00000001185bd6a0, 0x00000001185bd750]
Event: 1959.680 Thread 0x00007fede8095000 11984   !   1       org.hibernate.internal.util.collections.BoundedConcurrentHashMap$Segment::clear (73 bytes)
Event: 1959.681 Thread 0x00007fede8095000 nmethod 11984 0x00000001185bd810 code [0x00000001185bda20, 0x00000001185bdd20]

GC Heap History (10 events):
Event: 1884.741 GC heap after
{Heap after GC invocations=33 (full 3):
 garbage-first heap   total 112640K, used 42698K [0x0000000780000000, 0x0000000800000000)
  region size 1024K, 0 young (0K), 0 survivors (0K)
 Metaspace       used 81358K, capacity 83937K, committed 84224K, reserved 1122304K
  class space    used 10718K, capacity 11692K, committed 11776K, reserved 1048576K
}
Event: 1885.261 GC heap before
{Heap before GC invocations=33 (full 3):
 garbage-first heap   total 112640K, used 91850K [0x0000000780000000, 0x0000000800000000)
  region size 1024K, 49 young (50176K), 0 survivors (0K)
 Metaspace       used 81530K, capacity 84169K, committed 84224K, reserved 1122304K
  class space    used 10739K, capacity 11747K, committed 11776K, reserved 1048576K
}
Event: 1885.265 GC heap after
{Heap after GC invocations=34 (full 3):
 garbage-first heap   total 112640K, used 45770K [0x0000000780000000, 0x0000000800000000)
  region size 1024K, 3 young (3072K), 3 survivors (3072K)
 Metaspace       used 81530K, capacity 84169K, committed 84224K, reserved 1122304K
  class space    used 10739K, capacity 11747K, committed 11776K, reserved 1048576K
}
Event: 1885.422 GC heap before
{Heap before GC invocations=34 (full 3):
 garbage-first heap   total 112640K, used 91850K [0x0000000780000000, 0x0000000800000000)
  region size 1024K, 49 young (50176K), 3 survivors (3072K)
 Metaspace       used 81563K, capacity 84208K, committed 84480K, reserved 1122304K
  class space    used 10743K, capacity 11754K, committed 11776K, reserved 1048576K
}
Event: 1885.429 GC heap after
{Heap after GC invocations=35 (full 3):
 garbage-first heap   total 112640K, used 46090K [0x0000000780000000, 0x0000000800000000)
  region size 1024K, 4 young (4096K), 4 survivors (4096K)
 Metaspace       used 81563K, capacity 84208K, committed 84480K, reserved 1122304K
  class space    used 10743K, capacity 11754K, committed 11776K, reserved 1048576K
}
Event: 1885.684 GC heap before
{Heap before GC invocations=35 (full 3):
 garbage-first heap   total 112640K, used 92170K [0x0000000780000000, 0x0000000800000000)
  region size 1024K, 49 young (50176K), 4 survivors (4096K)
 Metaspace       used 81811K, capacity 84468K, committed 84608K, reserved 1122304K
  class space    used 10765K, capacity 11778K, committed 11904K, reserved 1048576K
}
Event: 1885.690 GC heap after
{Heap after GC invocations=36 (full 3):
 garbage-first heap   total 112640K, used 47418K [0x0000000780000000, 0x0000000800000000)
  region size 1024K, 5 young (5120K), 5 survivors (5120K)
 Metaspace       used 81811K, capacity 84468K, committed 84608K, reserved 1122304K
  class space    used 10765K, capacity 11778K, committed 11904K, reserved 1048576K
}
Event: 1892.945 GC heap before
{Heap before GC invocations=36 (full 3):
 garbage-first heap   total 112640K, used 93498K [0x0000000780000000, 0x0000000800000000)
  region size 1024K, 50 young (51200K), 5 survivors (5120K)
 Metaspace       used 82077K, capacity 84747K, committed 84864K, reserved 1122304K
  class space    used 10786K, capacity 11796K, committed 11904K, reserved 1048576K
}
Event: 1892.966 GC heap after
{Heap after GC invocations=37 (full 3):
 garbage-first heap   total 112640K, used 48536K [0x0000000780000000, 0x0000000800000000)
  region size 1024K, 4 young (4096K), 4 survivors (4096K)
 Metaspace       used 82077K, capacity 84747K, committed 84864K, reserved 1122304K
  class space    used 10786K, capacity 11796K, committed 11904K, reserved 1048576K
}
Event: 1959.696 GC heap before
{Heap before GC invocations=37 (full 3):
 garbage-first heap   total 112640K, used 79256K [0x0000000780000000, 0x0000000800000000)
  region size 1024K, 36 young (36864K), 4 survivors (4096K)
 Metaspace       used 82285K, capacity 85002K, committed 85376K, reserved 1122304K
  class space    used 10800K, capacity 11813K, committed 11904K, reserved 1048576K
}

Deoptimization events (0 events):
No events

Classes redefined (10 events):
Event: 1568.629 Thread 0x00007fede780b800 redefined class name=com.ddam.spring.controller.CrewController, count=1
Event: 1809.308 Thread 0x00007fede780b800 redefined class name=com.ddam.spring.controller.CrewController, count=1
Event: 1809.359 Thread 0x00007fede780b800 redefined class name=com.ddam.spring.controller.CrewController, count=2
Event: 1875.772 Thread 0x00007fede780b800 redefined class name=com.ddam.spring.controller.CrewController, count=1
Event: 1875.953 Thread 0x00007fede780b800 redefined class name=com.ddam.spring.controller.CrewController, count=2
Event: 1876.108 Thread 0x00007fede780b800 redefined class name=com.ddam.spring.controller.CrewController, count=3
Event: 1951.391 Thread 0x00007fede780b800 redefined class name=com.ddam.spring.controller.CrewController, count=2
Event: 1951.456 Thread 0x00007fede780b800 redefined class name=com.ddam.spring.controller.CrewController, count=1
Event: 1951.524 Thread 0x00007fede780b800 redefined class name=com.ddam.spring.controller.CrewController, count=3
Event: 1951.580 Thread 0x00007fede780b800 redefined class name=com.ddam.spring.controller.CrewController, count=4

Internal exceptions (10 events):
Event: 1885.708 Thread 0x00007fede9a95800 Exception <a 'java/lang/ClassNotFoundException'{0x0000000786bded38}: java/lang/ObjectCustomizer> (0x0000000786bded38) thrown at [./open/src/hotspot/share/classfile/systemDictionary.cpp, line 228]
Event: 1885.709 Thread 0x00007fede9a95800 Exception <a 'java/lang/ClassNotFoundException'{0x0000000786bf4df0}: com/ddam/spring/domain/FollowCustomizer> (0x0000000786bf4df0) thrown at [./open/src/hotspot/share/classfile/systemDictionary.cpp, line 228]
Event: 1885.774 Thread 0x00007fede9a95800 Exception <a 'java/lang/ClassNotFoundException'{0x0000000785ee88e8}: java/lang/ObjectCustomizer> (0x0000000785ee88e8) thrown at [./open/src/hotspot/share/classfile/systemDictionary.cpp, line 228]
Event: 1885.775 Thread 0x00007fede9a95800 Exception <a 'java/lang/ClassNotFoundException'{0x0000000785d00a88}: com/ddam/spring/domain/FollowRequestCustomizer> (0x0000000785d00a88) thrown at [./open/src/hotspot/share/classfile/systemDictionary.cpp, line 228]
Event: 1885.805 Thread 0x00007fede9a95800 Exception <a 'java/lang/ClassNotFoundException'{0x000000078570a7a0}: java/lang/ObjectCustomizer> (0x000000078570a7a0) thrown at [./open/src/hotspot/share/classfile/systemDictionary.cpp, line 228]
Event: 1885.806 Thread 0x00007fede9a95800 Exception <a 'java/lang/ClassNotFoundException'{0x0000000785720ed0}: com/ddam/spring/domain/LikesCustomizer> (0x0000000785720ed0) thrown at [./open/src/hotspot/share/classfile/systemDictionary.cpp, line 228]
Event: 1901.989 Thread 0x00007fede88f4000 Exception <a 'java/lang/reflect/InvocationTargetException'{0x00000007867894c0}> (0x00000007867894c0) thrown at [./open/src/hotspot/share/runtime/reflection.cpp, line 1242]
Event: 1902.005 Thread 0x00007fede9974000 Exception <a 'java/lang/reflect/InvocationTargetException'{0x00000007867dc3a0}> (0x00000007867dc3a0) thrown at [./open/src/hotspot/share/runtime/reflection.cpp, line 1242]
Event: 1959.672 Thread 0x00007fede7a7f000 Exception <a 'java/lang/InterruptedException'{0x0000000784e1fff8}: sleep interrupted> (0x0000000784e1fff8) thrown at [./open/src/hotspot/share/prims/jvm.cpp, line 3124]
Event: 1959.691 Thread 0x00007fede8960000 Exception <a 'sun/net/ConnectionResetException'{0x0000000784e729f8}: Connection reset> (0x0000000784e729f8) thrown at [./open/src/hotspot/share/prims/jni.cpp, line 632]

Events (10 events):
Event: 1959.695 Thread 0x00007fede8960000 DEOPT PACKING pc=0x0000000117c09f1c sp=0x0000700007160dd0
Event: 1959.695 Thread 0x00007fede8960000 DEOPT UNPACKING pc=0x0000000116a9fbca sp=0x0000700007160390 mode 1
Event: 1959.695 Thread 0x00007fede8960000 DEOPT PACKING pc=0x0000000117dc914c sp=0x0000700007160f70
Event: 1959.695 Thread 0x00007fede8960000 DEOPT UNPACKING pc=0x0000000116a9fbca sp=0x0000700007160500 mode 1
Event: 1959.695 Thread 0x00007fede8960000 DEOPT PACKING pc=0x0000000117dc837c sp=0x00007000071610b0
Event: 1959.695 Thread 0x00007fede8960000 DEOPT UNPACKING pc=0x0000000116a9fbca sp=0x00007000071605d0 mode 1
Event: 1959.695 Executing VM operation: RevokeBias
Event: 1959.695 Executing VM operation: RevokeBias done
Event: 1959.695 Thread 0x00007fede8960000 Thread exited: 0x00007fede8960000
Event: 1959.696 Executing VM operation: G1CollectFull


Dynamic libraries:
0x00007fff3513c000 	/System/Library/Frameworks/Cocoa.framework/Versions/A/Cocoa
0x00007fff224b1000 	/System/Library/Frameworks/Security.framework/Versions/A/Security
0x00007fff33349000 	/System/Library/Frameworks/ApplicationServices.framework/Versions/A/ApplicationServices
0x00007fff2a72e000 	/usr/lib/libz.1.dylib
0x00000001081db000 	/Library/Java/JavaVirtualMachines/jdk-11.0.12.jdk/Contents/Home/lib/jli/libjli.dylib
0x00007fff2a7f6000 	/usr/lib/libSystem.B.dylib
0x00007fff22edf000 	/System/Library/Frameworks/AppKit.framework/Versions/C/AppKit
0x00007fff25d9e000 	/System/Library/Frameworks/CoreData.framework/Versions/A/CoreData
0x00007fff2144a000 	/System/Library/Frameworks/Foundation.framework/Versions/C/Foundation
0x00007fff23c28000 	/System/Library/PrivateFrameworks/UIFoundation.framework/Versions/A/UIFoundation
0x00007fff2fe1f000 	/System/Library/PrivateFrameworks/RemoteViewServices.framework/Versions/A/RemoteViewServices
0x00007fff28c3a000 	/System/Library/PrivateFrameworks/XCTTargetBootstrap.framework/Versions/A/XCTTargetBootstrap
0x00007fff2b91f000 	/usr/lib/libspindump.dylib
0x00007fff23e77000 	/System/Library/Frameworks/UniformTypeIdentifiers.framework/Versions/A/UniformTypeIdentifiers
0x00007fff2743a000 	/usr/lib/libapp_launch_measurement.dylib
0x00007fff2743d000 	/System/Library/PrivateFrameworks/CoreAutoLayout.framework/Versions/A/CoreAutoLayout
0x00007fff2859d000 	/System/Library/Frameworks/Metal.framework/Versions/A/Metal
0x00007fff29297000 	/usr/lib/liblangid.dylib
0x00007fff28c3e000 	/System/Library/PrivateFrameworks/CoreSVG.framework/Versions/A/CoreSVG
0x00007fff24eb6000 	/System/Library/PrivateFrameworks/SkyLight.framework/Versions/A/SkyLight
0x00007fff2521b000 	/System/Library/Frameworks/CoreGraphics.framework/Versions/A/CoreGraphics
0x00007fff30346000 	/System/Library/Frameworks/Accelerate.framework/Versions/A/Accelerate
0x00007fff2b35d000 	/System/Library/PrivateFrameworks/IconServices.framework/Versions/A/IconServices
0x00007fff28581000 	/System/Library/Frameworks/IOSurface.framework/Versions/A/IOSurface
0x00007fff26726000 	/usr/lib/libDiagnosticMessagesClient.dylib
0x00007fff28c26000 	/System/Library/PrivateFrameworks/DFRFoundation.framework/Versions/A/DFRFoundation
0x00007fff22806000 	/usr/lib/libicucore.A.dylib
0x00007fff2ce66000 	/System/Library/Frameworks/AudioToolbox.framework/Versions/A/AudioToolbox
0x00007fff2c0f0000 	/System/Library/PrivateFrameworks/DataDetectorsCore.framework/Versions/A/DataDetectorsCore
0x00007fff24e2a000 	/usr/lib/libMobileGestalt.dylib
0x00007fff2892a000 	/System/Library/Frameworks/Carbon.framework/Versions/A/Frameworks/HIToolbox.framework/Versions/A/HIToolbox
0x00007fff26e80000 	/System/Library/Frameworks/QuartzCore.framework/Versions/A/QuartzCore
0x00007fff2fe57000 	/System/Library/Frameworks/Carbon.framework/Versions/A/Frameworks/SpeechRecognition.framework/Versions/A/SpeechRecognition
0x00007fff2719f000 	/System/Library/PrivateFrameworks/CoreUI.framework/Versions/A/CoreUI
0x00007fff21e20000 	/System/Library/Frameworks/CoreAudio.framework/Versions/A/CoreAudio
0x00007fff26811000 	/System/Library/Frameworks/DiskArbitration.framework/Versions/A/DiskArbitration
0x00007fff2bced000 	/System/Library/PrivateFrameworks/MultitouchSupport.framework/Versions/A/MultitouchSupport
0x00007fff2c0e7000 	/System/Library/PrivateFrameworks/InternationalSupport.framework/Versions/A/InternationalSupport
0x00007fff24e29000 	/usr/lib/libenergytrace.dylib
0x00007fff22dd6000 	/System/Library/Frameworks/IOKit.framework/Versions/A/IOKit
0x00007fff3018a000 	/System/Library/Frameworks/CoreServices.framework/Versions/A/CoreServices
0x00007fff273cc000 	/System/Library/PrivateFrameworks/PerformanceAnalysis.framework/Versions/A/PerformanceAnalysis
0x00007fff6bc3e000 	/System/Library/Frameworks/OpenGL.framework/Versions/A/OpenGL
0x00007fff2c16b000 	/System/Library/PrivateFrameworks/UserActivity.framework/Versions/A/UserActivity
0x00007fff204bd000 	/usr/lib/libobjc.A.dylib
0x00007fff258a5000 	/System/Library/Frameworks/ColorSync.framework/Versions/A/ColorSync
0x00007fff2069d000 	/System/Library/Frameworks/CoreFoundation.framework/Versions/A/CoreFoundation
0x00007fff28ea5000 	/System/Library/Frameworks/CoreImage.framework/Versions/A/CoreImage
0x00007fff21c3a000 	/System/Library/Frameworks/CoreText.framework/Versions/A/CoreText
0x00007fff28c68000 	/System/Library/Frameworks/ImageIO.framework/Versions/A/ImageIO
0x00007fff2a7fc000 	/System/Library/PrivateFrameworks/SoftLinking.framework/Versions/A/SoftLinking
0x00007fff27485000 	/usr/lib/libxml2.2.dylib
0x00007fff20583000 	/usr/lib/libc++.1.dylib
0x00007fff2aa6d000 	/usr/lib/libcompression.dylib
0x00007fff2c019000 	/System/Library/PrivateFrameworks/TextureIO.framework/Versions/A/TextureIO
0x00007fff2b09c000 	/usr/lib/libate.dylib
0x00007fff2a7f0000 	/usr/lib/system/libcache.dylib
0x00007fff2a7ac000 	/usr/lib/system/libcommonCrypto.dylib
0x00007fff2a7d6000 	/usr/lib/system/libcompiler_rt.dylib
0x00007fff2a7cb000 	/usr/lib/system/libcopyfile.dylib
0x00007fff203ad000 	/usr/lib/system/libcorecrypto.dylib
0x00007fff20478000 	/usr/lib/system/libdispatch.dylib
0x00007fff2062b000 	/usr/lib/system/libdyld.dylib
0x00007fff2a7e7000 	/usr/lib/system/libkeymgr.dylib
0x00007fff2dbfd000 	/usr/lib/system/liblaunch.dylib
0x00007fff2a78a000 	/usr/lib/system/libmacho.dylib
0x00007fff29f82000 	/usr/lib/system/libquarantine.dylib
0x00007fff2a7e4000 	/usr/lib/system/libremovefile.dylib
0x00007fff24e87000 	/usr/lib/system/libsystem_asl.dylib
0x00007fff2035d000 	/usr/lib/system/libsystem_blocks.dylib
0x00007fff204fa000 	/usr/lib/system/libsystem_c.dylib
0x00007fff2a7de000 	/usr/lib/system/libsystem_collections.dylib
0x00007fff29288000 	/usr/lib/system/libsystem_configuration.dylib
0x00007fff28570000 	/usr/lib/system/libsystem_containermanager.dylib
0x00007fff2a52d000 	/usr/lib/system/libsystem_coreservices.dylib
0x00007fff22a66000 	/usr/lib/system/libsystem_darwin.dylib
0x00007fff2a7e8000 	/usr/lib/system/libsystem_dnssd.dylib
0x00007fff204f7000 	/usr/lib/system/libsystem_featureflags.dylib
0x00007fff20671000 	/usr/lib/system/libsystem_info.dylib
0x00007fff2a741000 	/usr/lib/system/libsystem_m.dylib
0x00007fff2044b000 	/usr/lib/system/libsystem_malloc.dylib
0x00007fff24e1a000 	/usr/lib/system/libsystem_networkextension.dylib
0x00007fff22e85000 	/usr/lib/system/libsystem_notify.dylib
0x00007fff3008c000 	/usr/lib/system/libsystem_product_info_filter.dylib
0x00007fff2928c000 	/usr/lib/system/libsystem_sandbox.dylib
0x00007fff2a7e1000 	/usr/lib/system/libsystem_secinit.dylib
0x00007fff205ef000 	/usr/lib/system/libsystem_kernel.dylib
0x00007fff20667000 	/usr/lib/system/libsystem_platform.dylib
0x00007fff2061f000 	/usr/lib/system/libsystem_pthread.dylib
0x00007fff26562000 	/usr/lib/system/libsystem_symptoms.dylib
0x00007fff20395000 	/usr/lib/system/libsystem_trace.dylib
0x00007fff2a7b8000 	/usr/lib/system/libunwind.dylib
0x00007fff2035f000 	/usr/lib/system/libxpc.dylib
0x00007fff205d9000 	/usr/lib/libc++abi.dylib
0x00007fff2a7c3000 	/usr/lib/liboah.dylib
0x00007fff2ae81000 	/usr/lib/liblzma.5.dylib
0x00007fff2115e000 	/System/Library/Frameworks/SystemConfiguration.framework/Versions/A/SystemConfiguration
0x00007fff2a7f8000 	/usr/lib/libfakelink.dylib
0x00007fff2497b000 	/System/Library/Frameworks/CFNetwork.framework/Versions/A/CFNetwork
0x00007fff2a938000 	/usr/lib/libarchive.2.dylib
0x00007fff211dc000 	/usr/lib/libCRFSuite.dylib
0x00007fff29fa9000 	/usr/lib/libbsm.0.dylib
0x00007fff242f4000 	/usr/lib/libnetwork.dylib
0x00007fff2a7fd000 	/usr/lib/libpcap.A.dylib
0x00007fff2655b000 	/usr/lib/libdns_services.dylib
0x00007fff2ae9a000 	/usr/lib/libcoretls_cfhelpers.dylib
0x00007fff2aa37000 	/usr/lib/libapple_nghttp2.dylib
0x00007fff2a790000 	/usr/lib/system/libkxld.dylib
0x00007fff261d4000 	/usr/lib/libsqlite3.dylib
0x00007fff2a510000 	/System/Library/PrivateFrameworks/AppleFSCompression.framework/Versions/A/AppleFSCompression
0x00007fff29f91000 	/usr/lib/libcoretls.dylib
0x00007fff2aa68000 	/usr/lib/libpam.2.dylib
0x00007fff2af98000 	/usr/lib/libxar.1.dylib
0x00007fff29293000 	/System/Library/PrivateFrameworks/AppleSystemInfo.framework/Versions/A/AppleSystemInfo
0x00007fff29bd3000 	/System/Library/PrivateFrameworks/IOMobileFramebuffer.framework/Versions/A/IOMobileFramebuffer
0x00007fff2a520000 	/usr/lib/libbz2.1.0.dylib
0x00007fff2a835000 	/usr/lib/libiconv.2.dylib
0x00007fff2a789000 	/usr/lib/libcharset.1.dylib
0x00007fff27408000 	/System/Library/Frameworks/CoreServices.framework/Versions/A/Frameworks/FSEvents.framework/Versions/A/FSEvents
0x00007fff22a70000 	/System/Library/Frameworks/CoreServices.framework/Versions/A/Frameworks/CarbonCore.framework/Versions/A/CarbonCore
0x00007fff26776000 	/System/Library/Frameworks/CoreServices.framework/Versions/A/Frameworks/Metadata.framework/Versions/A/Metadata
0x00007fff2a532000 	/System/Library/Frameworks/CoreServices.framework/Versions/A/Frameworks/OSServices.framework/Versions/A/OSServices
0x00007fff2a9aa000 	/System/Library/Frameworks/CoreServices.framework/Versions/A/Frameworks/SearchKit.framework/Versions/A/SearchKit
0x00007fff264e6000 	/System/Library/Frameworks/CoreServices.framework/Versions/A/Frameworks/AE.framework/Versions/A/AE
0x00007fff20b3b000 	/System/Library/Frameworks/CoreServices.framework/Versions/A/Frameworks/LaunchServices.framework/Versions/A/LaunchServices
0x00007fff2ae31000 	/System/Library/Frameworks/CoreServices.framework/Versions/A/Frameworks/DictionaryServices.framework/Versions/A/DictionaryServices
0x00007fff27415000 	/System/Library/Frameworks/CoreServices.framework/Versions/A/Frameworks/SharedFileList.framework/Versions/A/SharedFileList
0x00007fff29f85000 	/usr/lib/libCheckFix.dylib
0x00007fff24e9e000 	/System/Library/PrivateFrameworks/TCC.framework/Versions/A/TCC
0x00007fff29299000 	/System/Library/PrivateFrameworks/CoreNLP.framework/Versions/A/CoreNLP
0x00007fff26729000 	/System/Library/PrivateFrameworks/MetadataUtilities.framework/Versions/A/MetadataUtilities
0x00007fff21211000 	/usr/lib/libmecabra.dylib
0x00007fff2a28f000 	/System/Library/Frameworks/MLCompute.framework/Versions/A/MLCompute
0x00007fff29fba000 	/usr/lib/libmecab.dylib
0x00007fff2a004000 	/usr/lib/libgermantok.dylib
0x00007fff2aa12000 	/usr/lib/libThaiTokenizer.dylib
0x00007fff2afd3000 	/usr/lib/libChineseTokenizer.dylib
0x00007fff2aa66000 	/System/Library/Frameworks/MetalPerformanceShaders.framework/Versions/A/MetalPerformanceShaders
0x00007fff26818000 	/System/Library/Frameworks/Accelerate.framework/Versions/A/Frameworks/vImage.framework/Versions/A/vImage
0x00007fff30164000 	/System/Library/Frameworks/Accelerate.framework/Versions/A/Frameworks/vecLib.framework/Versions/A/vecLib
0x00007fff2afde000 	/System/Library/Frameworks/Accelerate.framework/Versions/A/Frameworks/vecLib.framework/Versions/A/libvMisc.dylib
0x00007fff299ee000 	/System/Library/Frameworks/Accelerate.framework/Versions/A/Frameworks/vecLib.framework/Versions/A/libvDSP.dylib
0x00007fff20e44000 	/System/Library/Frameworks/Accelerate.framework/Versions/A/Frameworks/vecLib.framework/Versions/A/libBLAS.dylib
0x00007fff2aa93000 	/System/Library/Frameworks/Accelerate.framework/Versions/A/Frameworks/vecLib.framework/Versions/A/libLAPACK.dylib
0x00007fff2a00a000 	/System/Library/Frameworks/Accelerate.framework/Versions/A/Frameworks/vecLib.framework/Versions/A/libLinearAlgebra.dylib
0x00007fff2aa4f000 	/System/Library/Frameworks/Accelerate.framework/Versions/A/Frameworks/vecLib.framework/Versions/A/libSparseBLAS.dylib
0x00007fff2aa8d000 	/System/Library/Frameworks/Accelerate.framework/Versions/A/Frameworks/vecLib.framework/Versions/A/libQuadrature.dylib
0x00007fff29345000 	/System/Library/Frameworks/Accelerate.framework/Versions/A/Frameworks/vecLib.framework/Versions/A/libBNNS.dylib
0x00007fff210ef000 	/System/Library/Frameworks/Accelerate.framework/Versions/A/Frameworks/vecLib.framework/Versions/A/libSparse.dylib
0x00007fff29221000 	/System/Library/Frameworks/MetalPerformanceShaders.framework/Versions/A/Frameworks/MPSCore.framework/Versions/A/MPSCore
0x00007fff2a47f000 	/System/Library/Frameworks/MetalPerformanceShaders.framework/Versions/A/Frameworks/MPSImage.framework/Versions/A/MPSImage
0x00007fff2a020000 	/System/Library/Frameworks/MetalPerformanceShaders.framework/Versions/A/Frameworks/MPSNeuralNetwork.framework/Versions/A/MPSNeuralNetwork
0x00007fff2a3f1000 	/System/Library/Frameworks/MetalPerformanceShaders.framework/Versions/A/Frameworks/MPSMatrix.framework/Versions/A/MPSMatrix
0x00007fff2a23f000 	/System/Library/Frameworks/MetalPerformanceShaders.framework/Versions/A/Frameworks/MPSRayIntersector.framework/Versions/A/MPSRayIntersector
0x00007fff2a428000 	/System/Library/Frameworks/MetalPerformanceShaders.framework/Versions/A/Frameworks/MPSNDArray.framework/Versions/A/MPSNDArray
0x00007fff20d70000 	/System/Library/PrivateFrameworks/MetalTools.framework/Versions/A/MetalTools
0x00007fff29291000 	/System/Library/PrivateFrameworks/AggregateDictionary.framework/Versions/A/AggregateDictionary
0x00007fff266f6000 	/System/Library/PrivateFrameworks/CoreAnalytics.framework/Versions/A/CoreAnalytics
0x00007fff2aa14000 	/System/Library/PrivateFrameworks/AppleSauce.framework/Versions/A/AppleSauce
0x00007fff28593000 	/System/Library/PrivateFrameworks/IOAccelerator.framework/Versions/A/IOAccelerator
0x00007fff6bc32000 	/System/Library/Frameworks/OpenGL.framework/Versions/A/Libraries/libCoreFSCache.dylib
0x00007fff217a9000 	/System/Library/PrivateFrameworks/LanguageModeling.framework/Versions/A/LanguageModeling
0x00007fff29bc1000 	/System/Library/PrivateFrameworks/CoreEmoji.framework/Versions/A/CoreEmoji
0x00007fff2933e000 	/System/Library/PrivateFrameworks/LinguisticData.framework/Versions/A/LinguisticData
0x00007fff210a1000 	/System/Library/PrivateFrameworks/Lexicon.framework/Versions/A/Lexicon
0x00007fff2a926000 	/usr/lib/libcmph.dylib
0x00007fff273e8000 	/System/Library/Frameworks/OpenDirectory.framework/Versions/A/Frameworks/CFOpenDirectory.framework/Versions/A/CFOpenDirectory
0x00007fff273d8000 	/System/Library/Frameworks/OpenDirectory.framework/Versions/A/OpenDirectory
0x00007fff2ae9c000 	/System/Library/PrivateFrameworks/APFS.framework/Versions/A/APFS
0x00007fff29ee7000 	/System/Library/Frameworks/SecurityFoundation.framework/Versions/A/SecurityFoundation
0x00007fff2afa6000 	/usr/lib/libutil.dylib
0x00007fff22d9b000 	/System/Library/PrivateFrameworks/CoreServicesStore.framework/Versions/A/CoreServicesStore
0x00007fff29f7d000 	/System/Library/Frameworks/ServiceManagement.framework/Versions/A/ServiceManagement
0x00007fff2afaa000 	/usr/lib/libxslt.1.dylib
0x00007fff29f73000 	/System/Library/PrivateFrameworks/BackgroundTaskManagement.framework/Versions/A/BackgroundTaskManagement
0x00007fff2bf63000 	/System/Library/Frameworks/ImageIO.framework/Versions/A/Resources/libRadiance.dylib
0x00007fff2bf6d000 	/System/Library/Frameworks/ImageIO.framework/Versions/A/Resources/libJPEG.dylib
0x00007fff2beb7000 	/System/Library/Frameworks/ImageIO.framework/Versions/A/Resources/libPng.dylib
0x00007fff2bede000 	/System/Library/Frameworks/ImageIO.framework/Versions/A/Resources/libTIFF.dylib
0x00007fff2bfc2000 	/System/Library/Frameworks/ImageIO.framework/Versions/A/Resources/libGIF.dylib
0x00007fff2bc09000 	/System/Library/Frameworks/ImageIO.framework/Versions/A/Resources/libJP2.dylib
0x00007fff2b325000 	/usr/lib/libexpat.1.dylib
0x00007fff2bbbf000 	/System/Library/PrivateFrameworks/AppleJPEG.framework/Versions/A/AppleJPEG
0x00007fff287c9000 	/System/Library/PrivateFrameworks/FontServices.framework/libFontParser.dylib
0x00007fff2649d000 	/System/Library/PrivateFrameworks/RunningBoardServices.framework/Versions/A/RunningBoardServices
0x00007fff2bce9000 	/System/Library/PrivateFrameworks/WatchdogClient.framework/Versions/A/WatchdogClient
0x00007fff21892000 	/System/Library/Frameworks/CoreDisplay.framework/Versions/A/CoreDisplay
0x00007fff286de000 	/System/Library/Frameworks/CoreMedia.framework/Versions/A/CoreMedia
0x00007fff27568000 	/System/Library/Frameworks/CoreVideo.framework/Versions/A/CoreVideo
0x00007fff2bd24000 	/System/Library/Frameworks/VideoToolbox.framework/Versions/A/VideoToolbox
0x00007fff2641d000 	/System/Library/PrivateFrameworks/BaseBoard.framework/Versions/A/BaseBoard
0x00007fff2b469000 	/System/Library/PrivateFrameworks/PersistentConnection.framework/Versions/A/PersistentConnection
0x00007fff261be000 	/System/Library/PrivateFrameworks/ProtocolBuffer.framework/Versions/A/ProtocolBuffer
0x00007fff26405000 	/System/Library/PrivateFrameworks/CommonUtilities.framework/Versions/A/CommonUtilities
0x00007fff2bb82000 	/System/Library/PrivateFrameworks/Bom.framework/Versions/A/Bom
0x00007fff2bf5b000 	/System/Library/PrivateFrameworks/GPUWrangler.framework/Versions/A/GPUWrangler
0x00007fff2bf3e000 	/System/Library/PrivateFrameworks/IOPresentment.framework/Versions/A/IOPresentment
0x00007fff2bf67000 	/System/Library/PrivateFrameworks/DSExternalDisplay.framework/Versions/A/DSExternalDisplay
0x00007fff2bfc7000 	/System/Library/PrivateFrameworks/CMCaptureCore.framework/Versions/A/CMCaptureCore
0x00007fff2b905000 	/System/Library/PrivateFrameworks/AppServerSupport.framework/Versions/A/AppServerSupport
0x00007fff2d9a0000 	/System/Library/PrivateFrameworks/perfdata.framework/Versions/A/perfdata
0x00007fff29ed6000 	/System/Library/PrivateFrameworks/AssertionServices.framework/Versions/A/AssertionServices
0x00007fff219c9000 	/System/Library/PrivateFrameworks/AudioToolboxCore.framework/Versions/A/AudioToolboxCore
0x00007fff286c1000 	/System/Library/PrivateFrameworks/caulk.framework/Versions/A/caulk
0x00007fff3cdd8000 	/System/Library/PrivateFrameworks/SystemPolicy.framework/Versions/A/SystemPolicy
0x00007fff2b134000 	/usr/lib/libIOReport.dylib
0x00007fff2d1dc000 	/usr/lib/libSMC.dylib
0x00007fff2be83000 	/usr/lib/libAudioToolboxUtility.dylib
0x00007fff3d732000 	/usr/lib/libmis.dylib
0x00007fff6bc8e000 	/System/Library/Frameworks/OpenGL.framework/Versions/A/Libraries/libGLU.dylib
0x00007fff6bc51000 	/System/Library/Frameworks/OpenGL.framework/Versions/A/Libraries/libGFXShared.dylib
0x00007fff6be5f000 	/System/Library/Frameworks/OpenGL.framework/Versions/A/Libraries/libGL.dylib
0x00007fff6bc5a000 	/System/Library/Frameworks/OpenGL.framework/Versions/A/Libraries/libGLImage.dylib
0x00007fff6bc4e000 	/System/Library/Frameworks/OpenGL.framework/Versions/A/Libraries/libCVMSPluginSupport.dylib
0x00007fff6bc39000 	/System/Library/Frameworks/OpenGL.framework/Versions/A/Libraries/libCoreVMClient.dylib
0x00007fff6d2a9000 	/System/Library/Frameworks/OpenCL.framework/Versions/A/OpenCL
0x00007fff2b492000 	/System/Library/PrivateFrameworks/GraphVisualizer.framework/Versions/A/GraphVisualizer
0x00007fff2b4a1000 	/System/Library/PrivateFrameworks/FaceCore.framework/Versions/A/FaceCore
0x00007fff2b8bd000 	/System/Library/PrivateFrameworks/OTSVG.framework/Versions/A/OTSVG
0x00007fff2715d000 	/System/Library/Frameworks/ApplicationServices.framework/Versions/A/Frameworks/ATS.framework/Versions/A/Resources/libFontRegistry.dylib
0x00007fff2b90c000 	/System/Library/PrivateFrameworks/FontServices.framework/libhvf.dylib
0x00007fff2b2d1000 	/System/Library/PrivateFrameworks/AppleVA.framework/Versions/A/AppleVA
0x00007fff2d024000 	/System/Library/Frameworks/ApplicationServices.framework/Versions/A/Frameworks/ATS.framework/Versions/A/ATS
0x00007fff2d337000 	/System/Library/Frameworks/ApplicationServices.framework/Versions/A/Frameworks/ColorSyncLegacy.framework/Versions/A/ColorSyncLegacy
0x00007fff2599c000 	/System/Library/Frameworks/ApplicationServices.framework/Versions/A/Frameworks/HIServices.framework/Versions/A/HIServices
0x00007fff2d31c000 	/System/Library/Frameworks/ApplicationServices.framework/Versions/A/Frameworks/LangAnalysis.framework/Versions/A/LangAnalysis
0x00007fff2bfd1000 	/System/Library/Frameworks/ApplicationServices.framework/Versions/A/Frameworks/PrintCore.framework/Versions/A/PrintCore
0x00007fff2d33f000 	/System/Library/Frameworks/ApplicationServices.framework/Versions/A/Frameworks/QD.framework/Versions/A/QD
0x00007fff2d014000 	/System/Library/Frameworks/ApplicationServices.framework/Versions/A/Frameworks/SpeechSynthesis.framework/Versions/A/SpeechSynthesis
0x00007fff2bf92000 	/System/Library/Frameworks/ApplicationServices.framework/Versions/A/Frameworks/ATSUI.framework/Versions/A/ATSUI
0x00007fff2d2bc000 	/usr/lib/libcups.2.dylib
0x00007fff2d32c000 	/System/Library/PrivateFrameworks/NetAuth.framework/Versions/A/NetAuth
0x00007fff2d9bb000 	/System/Library/Frameworks/Kerberos.framework/Versions/A/Kerberos
0x00007fff2d9cb000 	/System/Library/Frameworks/GSS.framework/Versions/A/GSS
0x00007fff2d091000 	/usr/lib/libresolv.9.dylib
0x00007fff2b922000 	/System/Library/PrivateFrameworks/Heimdal.framework/Versions/A/Heimdal
0x00007fff3365e000 	/System/Library/Frameworks/Kerberos.framework/Versions/A/Libraries/libHeimdalProxy.dylib
0x00007fff2656a000 	/System/Library/Frameworks/Network.framework/Versions/A/Network
0x00007fff2b33e000 	/usr/lib/libheimdal-asn1.dylib
0x00007fff2da1c000 	/System/Library/PrivateFrameworks/CommonAuth.framework/Versions/A/CommonAuth
0x00007fff275b6000 	/System/Library/PrivateFrameworks/login.framework/Versions/A/Frameworks/loginsupport.framework/Versions/A/loginsupport
0x00007fff2cf9b000 	/System/Library/PrivateFrameworks/AudioSession.framework/Versions/A/AudioSession
0x00007fff2d001000 	/usr/lib/libAudioStatistics.dylib
0x00007fff2b3ca000 	/System/Library/PrivateFrameworks/MediaExperience.framework/Versions/A/MediaExperience
0x00007fff2ce34000 	/System/Library/PrivateFrameworks/AudioSession.framework/libSessionUtility.dylib
0x00007fff2d9ac000 	/usr/lib/libperfcheck.dylib
0x00007fff2d34b000 	/System/Library/PrivateFrameworks/AudioResourceArbitration.framework/Versions/A/AudioResourceArbitration
0x00007fff2b348000 	/System/Library/PrivateFrameworks/IconFoundation.framework/Versions/A/IconFoundation
0x00007fff2fe47000 	/System/Library/PrivateFrameworks/SpeechRecognitionCore.framework/Versions/A/SpeechRecognitionCore
0x00007fff5d054000 	/System/Library/CoreServices/Encodings/libKoreanConverter.dylib
0x000000010a800000 	/Library/Java/JavaVirtualMachines/jdk-11.0.12.jdk/Contents/Home/lib/server/libjvm.dylib
0x0000000108201000 	/Library/Java/JavaVirtualMachines/jdk-11.0.12.jdk/Contents/Home/lib/libverify.dylib
0x0000000108211000 	/Library/Java/JavaVirtualMachines/jdk-11.0.12.jdk/Contents/Home/lib/libjava.dylib
0x000000010823d000 	/Library/Java/JavaVirtualMachines/jdk-11.0.12.jdk/Contents/Home/lib/libjimage.dylib
0x0000000108249000 	/Library/Java/JavaVirtualMachines/jdk-11.0.12.jdk/Contents/Home/lib/libjdwp.dylib
0x0000000108286000 	/Library/Java/JavaVirtualMachines/jdk-11.0.12.jdk/Contents/Home/lib/libinstrument.dylib
0x00000001082dd000 	/Library/Java/JavaVirtualMachines/jdk-11.0.12.jdk/Contents/Home/lib/libzip.dylib
0x0000000108521000 	/Library/Java/JavaVirtualMachines/jdk-11.0.12.jdk/Contents/Home/lib/libdt_socket.dylib
0x000000010852b000 	/Library/Java/JavaVirtualMachines/jdk-11.0.12.jdk/Contents/Home/lib/libnio.dylib
0x000000010853d000 	/Library/Java/JavaVirtualMachines/jdk-11.0.12.jdk/Contents/Home/lib/libnet.dylib
0x0000000108557000 	/Library/Java/JavaVirtualMachines/jdk-11.0.12.jdk/Contents/Home/lib/libmanagement.dylib
0x0000000108761000 	/Library/Java/JavaVirtualMachines/jdk-11.0.12.jdk/Contents/Home/lib/libmanagement_ext.dylib
0x000000010876c000 	/Library/Java/JavaVirtualMachines/jdk-11.0.12.jdk/Contents/Home/lib/libextnet.dylib
0x0000000108773000 	/Library/Java/JavaVirtualMachines/jdk-11.0.12.jdk/Contents/Home/lib/libsunec.dylib


VM Arguments:
jvm_args: -agentlib:jdwp=transport=dt_socket,suspend=y,address=localhost:56215 -Dcom.sun.management.jmxremote -Dcom.sun.management.jmxremote.port=56213 -Dcom.sun.management.jmxremote.authenticate=false -Dcom.sun.management.jmxremote.ssl=false -Djava.rmi.server.hostname=localhost -Dspring.jmx.enabled=true -Dspring.application.admin.enabled=true -Djava.security.egd=file:/dev/./urandom -XX:TieredStopAtLevel=1 -Dspring.boot.project.name=Ddam -javaagent:/Applications/Eclipse.app/Contents/Eclipse/configuration/org.eclipse.osgi/1037/0/.cp/lib/javaagent-shaded.jar -Dfile.encoding=UTF-8 
java_command: com.ddam.spring.DdamApplication
java_class_path (initial): /Users/sollee/Desktop/study/Ddamddam/Ddam/target/classes:/Users/sollee/.m2/repository/org/springframework/boot/spring-boot-starter-data-jpa/2.6.1/spring-boot-starter-data-jpa-2.6.1.jar:/Users/sollee/.m2/repository/org/springframework/boot/spring-boot-starter-aop/2.6.1/spring-boot-starter-aop-2.6.1.jar:/Users/sollee/.m2/repository/org/springframework/spring-aop/5.3.13/spring-aop-5.3.13.jar:/Users/sollee/.m2/repository/org/aspectj/aspectjweaver/1.9.7/aspectjweaver-1.9.7.jar:/Users/sollee/.m2/repository/org/springframework/boot/spring-boot-starter-jdbc/2.6.1/spring-boot-starter-jdbc-2.6.1.jar:/Users/sollee/.m2/repository/com/zaxxer/HikariCP/4.0.3/HikariCP-4.0.3.jar:/Users/sollee/.m2/repository/org/springframework/spring-jdbc/5.3.13/spring-jdbc-5.3.13.jar:/Users/sollee/.m2/repository/jakarta/transaction/jakarta.transaction-api/1.3.3/jakarta.transaction-api-1.3.3.jar:/Users/sollee/.m2/repository/jakarta/persistence/jakarta.persistence-api/2.2.3/jakarta.persistence-api-2.2.3.jar:/Users/sollee/.m2/repository/org/hibernate/hibernate-core/5.6.1.Final/hibernate-core-5.6.1.Final.jar:/Users/sollee/.m2/repository/org/jboss/logging/jboss-logging/3.4.2.Final/jboss-logging-3.4.2.Final.jar:/Users/sollee/.m2/repository/net/bytebuddy/byte-buddy/1.11.22/byte-buddy-1.11.22.jar:/Users/sollee/.m2/repository/antlr/antlr/2.7.7/antlr-2.7.7.jar:/Users/sollee/.m2/repository/org/jboss/jandex/2.2.3.Final/jandex-2.2.3.Final.jar:/Users/sollee/.m2/repository/com/fasterxml/classmate/1.5.1/classmate-1.5.1.jar:/Users/sollee/.m2/repository/org/hibernate/common/hibernate-commons-annotations/5.1.2.Final/hibernate-commons-annotations-5.1.2.Final.jar:/Users/sollee/.m2/repository/org/glassfish/jaxb/jaxb-runtime/2.3.5/jaxb-runtime-2.3.5.jar:/Users/sollee/.m2/repository/org/glassfish/jaxb/txw2/2.3.5/txw2-2.3.5.jar:/Users/sollee/.m2/repository/com/sun/istack/istack-commons-runtime/3.0.12/istack-commons-runtime-3.0.12.jar:/Users/sollee/.m2/repository/com/sun/activation/jakarta.activ
Launcher Type: SUN_STANDARD

[Global flags]
     intx CICompilerCount                          = 3                                         {product} {ergonomic}
     uint ConcGCThreads                            = 1                                         {product} {ergonomic}
     uint G1ConcRefinementThreads                  = 4                                         {product} {ergonomic}
   size_t G1HeapRegionSize                         = 1048576                                   {product} {ergonomic}
    uintx GCDrainStackTargetSize                   = 64                                        {product} {ergonomic}
   size_t InitialHeapSize                          = 134217728                                 {product} {ergonomic}
     bool ManagementServer                         = true                                      {product} {command line}
   size_t MarkStackSize                            = 4194304                                   {product} {ergonomic}
   size_t MaxHeapSize                              = 2147483648                                {product} {ergonomic}
   size_t MaxNewSize                               = 1287651328                                {product} {ergonomic}
   size_t MinHeapDeltaBytes                        = 1048576                                   {product} {ergonomic}
    uintx NonNMethodCodeHeapSize                   = 6973028                                {pd product} {ergonomic}
    uintx NonProfiledCodeHeapSize                  = 244685212                              {pd product} {ergonomic}
    uintx ProfiledCodeHeapSize                     = 0                                      {pd product} {ergonomic}
    uintx ReservedCodeCacheSize                    = 251658240                              {pd product} {ergonomic}
     bool SegmentedCodeCache                       = true                                      {product} {ergonomic}
     intx TieredStopAtLevel                        = 1                                         {product} {command line}
     bool UseCompressedClassPointers               = true                                 {lp64_product} {ergonomic}
     bool UseCompressedOops                        = true                                 {lp64_product} {ergonomic}
     bool UseG1GC                                  = true                                      {product} {ergonomic}

Logging:
Log output configuration:
 #0: stdout all=warning uptime,level,tags
 #1: stderr all=off uptime,level,tags

Environment Variables:
PATH=/usr/bin:/bin:/usr/sbin:/sbin
SHELL=/bin/zsh

Signal Handlers:
SIGSEGV: [libjvm.dylib+0x79688e], sa_mask[0]=11111111011111110111111111111111, sa_flags=SA_ONSTACK|SA_RESTART|SA_SIGINFO
SIGBUS: [libjvm.dylib+0x79688e], sa_mask[0]=11111111011111110111111111111111, sa_flags=SA_RESTART|SA_SIGINFO
SIGFPE: [libjvm.dylib+0x79688e], sa_mask[0]=11111111011111110111111111111111, sa_flags=SA_RESTART|SA_SIGINFO
SIGPIPE: [libjvm.dylib+0x6488fa], sa_mask[0]=11111111011111110111111111111111, sa_flags=SA_RESTART|SA_SIGINFO
SIGXFSZ: [libjvm.dylib+0x6488fa], sa_mask[0]=11111111011111110111111111111111, sa_flags=SA_RESTART|SA_SIGINFO
SIGILL: [libjvm.dylib+0x79688e], sa_mask[0]=11111111011111110111111111111111, sa_flags=SA_RESTART|SA_SIGINFO
SIGUSR2: [libjvm.dylib+0x648ece], sa_mask[0]=00100000000000000000000000000000, sa_flags=SA_RESTART|SA_SIGINFO
SIGHUP: [libjvm.dylib+0x64798f], sa_mask[0]=11111111011111110111111111111111, sa_flags=SA_RESTART|SA_SIGINFO
SIGINT: [libjvm.dylib+0x64798f], sa_mask[0]=11111111011111110111111111111111, sa_flags=SA_RESTART|SA_SIGINFO
SIGTERM: [libjvm.dylib+0x64798f], sa_mask[0]=11111111011111110111111111111111, sa_flags=SA_RESTART|SA_SIGINFO
SIGQUIT: [libjvm.dylib+0x64798f], sa_mask[0]=11111111011111110111111111111111, sa_flags=SA_RESTART|SA_SIGINFO


---------------  S Y S T E M  ---------------

OS:uname:Darwin 20.5.0 Darwin Kernel Version 20.5.0: Sat May  8 05:10:33 PDT 2021; root:xnu-7195.121.3~9/RELEASE_X86_64 x86_64
rlimit: STACK 8192k, CORE 0k, NPROC 1392, NOFILE 10240, AS infinity, DATA infinity, FSIZE infinity
load average:4.80 3.77 3.51

CPU:total 4 (initial active 4) (2 cores per cpu, 2 threads per core) family 6 model 78 stepping 3 microcode 0xea, cmov, cx8, fxsr, mmx, sse, sse2, sse3, ssse3, sse4.1, sse4.2, popcnt, avx, avx2, aes, clmul, erms, 3dnowpref, lzcnt, ht, tsc, tscinvbit, bmi1, bmi2, adx, fma

Memory: 4k page, physical 8388608k(189364k free)

vm_info: Java HotSpot(TM) 64-Bit Server VM (11.0.12+8-LTS-237) for bsd-amd64 JRE (11.0.12+8-LTS-237), built on Jun  8 2021 10:26:22 by "mach5one" with gcc 4.2.1 Compatible Apple LLVM 11.0.0 (clang-1100.0.33.17)

END.
